<INFO> 3-Oct-2018::14:11:07.338 centares confd[2527]: - Writing daemon log to /home/etu/Téléchargements/dhcpd/confd.log
<INFO> 3-Oct-2018::14:11:07.340 centares confd[2527]: - Writing NETCONF log to /home/etu/Téléchargements/dhcpd/netconf.log
<INFO> 3-Oct-2018::14:11:07.340 centares confd[2527]: - Writing audit log to /home/etu/Téléchargements/dhcpd/audit.log
<INFO> 3-Oct-2018::14:11:07.340 centares confd[2527]: - Daemon logging started
<INFO> 3-Oct-2018::14:11:07.341 centares confd[2527]: - Writing developer log to /home/etu/Téléchargements/dhcpd/devel.log
<DEBUG> 3-Oct-2018::14:11:07.353 centares confd[2527]: - Loading file /home/etu/confd-6.4/etc/confd/ietf-netconf-monitoring.fxs
<DEBUG> 3-Oct-2018::14:11:07.353 centares confd[2527]: - Loading file /home/etu/confd-6.4/etc/confd/tailf-common-monitoring.fxs
<DEBUG> 3-Oct-2018::14:11:07.354 centares confd[2527]: - Loading file /home/etu/confd-6.4/etc/confd/ietf-netconf-acm.fxs
<DEBUG> 3-Oct-2018::14:11:07.354 centares confd[2527]: - Loading file /home/etu/confd-6.4/etc/confd/iana-crypt-hash.fxs
<DEBUG> 3-Oct-2018::14:11:07.354 centares confd[2527]: - Loading file /home/etu/confd-6.4/etc/confd/ietf-yang-library.fxs
<DEBUG> 3-Oct-2018::14:11:07.355 centares confd[2527]: - Loading file /home/etu/confd-6.4/etc/confd/ietf-netconf-notifications.fxs
<DEBUG> 3-Oct-2018::14:11:07.355 centares confd[2527]: - Loading file ./dhcpd.fxs
<DEBUG> 3-Oct-2018::14:11:07.356 centares confd[2527]: - Loading file /home/etu/confd-6.4/etc/confd/tailf-netconf-monitoring.fxs
<DEBUG> 3-Oct-2018::14:11:07.356 centares confd[2527]: - Loading file /home/etu/confd-6.4/etc/confd/tailf-confd-monitoring.fxs
<DEBUG> 3-Oct-2018::14:11:07.358 centares confd[2527]: - Loading file /home/etu/confd-6.4/etc/confd/tailf-acm.fxs
<DEBUG> 3-Oct-2018::14:11:07.358 centares confd[2527]: - Loading file /home/etu/confd-6.4/etc/confd/tailf-rollback.fxs
<DEBUG> 3-Oct-2018::14:11:07.359 centares confd[2527]: - Loading file /home/etu/confd-6.4/etc/confd/tailf-kicker.fxs
<DEBUG> 3-Oct-2018::14:11:07.359 centares confd[2527]: - Loading file /home/etu/confd-6.4/etc/confd/tailf-aaa.fxs
<DEBUG> 3-Oct-2018::14:11:07.365 centares confd[2527]: - Loading file /home/etu/confd-6.4/etc/confd/confd.ccl
<INFO> 3-Oct-2018::14:11:07.428 centares confd[2527]: - Starting to listen for Internal IPC on 127.0.0.1:4565
<INFO> 3-Oct-2018::14:11:07.577 centares confd[2527]: - CDB load: processing file: ./confd-cdb/aaa_init.xml
<INFO> 3-Oct-2018::14:11:07.675 centares confd[2527]: - Starting to listen for NETCONF TCP on 0.0.0.0:2023
<INFO> 3-Oct-2018::14:11:07.706 centares confd[2527]: - Starting to listen for CLI SSH on 0.0.0.0:2024
<INFO> 3-Oct-2018::14:11:07.809 centares confd[2527]: - ConfD started vsn: 6.4
<INFO> 3-Oct-2018::14:11:35.374 centares confd[2527]: - ConfD stopping (confd --stop called by etu in /home/etu/Téléchargements/dhcpd)
<INFO> 3-Oct-2018::14:11:35.384 centares confd[2527]: - Stopping to listen for NETCONF TCP on 0.0.0.0:2023
<INFO> 3-Oct-2018::14:11:35.508 centares confd[2527]: - Daemon logging terminating, reason: shutdown
<INFO> 3-Oct-2018::14:11:36.682 centares confd[2575]: - Writing daemon log to /home/etu/Téléchargements/dhcpd/confd.log
<INFO> 3-Oct-2018::14:11:36.684 centares confd[2575]: - Writing NETCONF log to /home/etu/Téléchargements/dhcpd/netconf.log
<INFO> 3-Oct-2018::14:11:36.684 centares confd[2575]: - Writing audit log to /home/etu/Téléchargements/dhcpd/audit.log
<INFO> 3-Oct-2018::14:11:36.684 centares confd[2575]: - Daemon logging started
<INFO> 3-Oct-2018::14:11:36.684 centares confd[2575]: - Writing developer log to /home/etu/Téléchargements/dhcpd/devel.log
<DEBUG> 3-Oct-2018::14:11:36.694 centares confd[2575]: - Loading file /home/etu/confd-6.4/etc/confd/ietf-netconf-monitoring.fxs
<DEBUG> 3-Oct-2018::14:11:36.695 centares confd[2575]: - Loading file /home/etu/confd-6.4/etc/confd/tailf-common-monitoring.fxs
<DEBUG> 3-Oct-2018::14:11:36.696 centares confd[2575]: - Loading file /home/etu/confd-6.4/etc/confd/ietf-netconf-acm.fxs
<DEBUG> 3-Oct-2018::14:11:36.696 centares confd[2575]: - Loading file /home/etu/confd-6.4/etc/confd/iana-crypt-hash.fxs
<DEBUG> 3-Oct-2018::14:11:36.696 centares confd[2575]: - Loading file /home/etu/confd-6.4/etc/confd/ietf-yang-library.fxs
<DEBUG> 3-Oct-2018::14:11:36.697 centares confd[2575]: - Loading file /home/etu/confd-6.4/etc/confd/ietf-netconf-notifications.fxs
<DEBUG> 3-Oct-2018::14:11:36.697 centares confd[2575]: - Loading file ./dhcpd.fxs
<DEBUG> 3-Oct-2018::14:11:36.698 centares confd[2575]: - Loading file /home/etu/confd-6.4/etc/confd/tailf-netconf-monitoring.fxs
<DEBUG> 3-Oct-2018::14:11:36.698 centares confd[2575]: - Loading file /home/etu/confd-6.4/etc/confd/tailf-confd-monitoring.fxs
<DEBUG> 3-Oct-2018::14:11:36.699 centares confd[2575]: - Loading file /home/etu/confd-6.4/etc/confd/tailf-acm.fxs
<DEBUG> 3-Oct-2018::14:11:36.700 centares confd[2575]: - Loading file /home/etu/confd-6.4/etc/confd/tailf-rollback.fxs
<DEBUG> 3-Oct-2018::14:11:36.700 centares confd[2575]: - Loading file /home/etu/confd-6.4/etc/confd/tailf-kicker.fxs
<DEBUG> 3-Oct-2018::14:11:36.701 centares confd[2575]: - Loading file /home/etu/confd-6.4/etc/confd/tailf-aaa.fxs
<DEBUG> 3-Oct-2018::14:11:36.707 centares confd[2575]: - Loading file /home/etu/confd-6.4/etc/confd/confd.ccl
<INFO> 3-Oct-2018::14:11:36.765 centares confd[2575]: - Starting to listen for Internal IPC on 127.0.0.1:4565
<INFO> 3-Oct-2018::14:11:36.935 centares confd[2575]: - Starting to listen for NETCONF TCP on 0.0.0.0:2023
<INFO> 3-Oct-2018::14:11:36.964 centares confd[2575]: - Starting to listen for CLI SSH on 0.0.0.0:2024
<INFO> 3-Oct-2018::14:11:37.065 centares confd[2575]: - ConfD started vsn: 6.4
<INFO> 3-Oct-2018::14:12:52.181 centares confd[2575]: - ConfD stopping (confd --stop called by etu in /home/etu/Téléchargements/dhcpd)
<INFO> 3-Oct-2018::14:12:52.190 centares confd[2575]: - Stopping to listen for NETCONF TCP on 0.0.0.0:2023
<INFO> 3-Oct-2018::14:12:52.308 centares confd[2575]: - Daemon logging terminating, reason: shutdown
<INFO> 3-Oct-2018::14:12:53.514 centares confd[2622]: - Writing daemon log to /home/etu/Téléchargements/dhcpd/confd.log
<INFO> 3-Oct-2018::14:12:53.517 centares confd[2622]: - Writing NETCONF log to /home/etu/Téléchargements/dhcpd/netconf.log
<INFO> 3-Oct-2018::14:12:53.517 centares confd[2622]: - Writing audit log to /home/etu/Téléchargements/dhcpd/audit.log
<INFO> 3-Oct-2018::14:12:53.517 centares confd[2622]: - Daemon logging started
<INFO> 3-Oct-2018::14:12:53.517 centares confd[2622]: - Writing developer log to /home/etu/Téléchargements/dhcpd/devel.log
<DEBUG> 3-Oct-2018::14:12:53.530 centares confd[2622]: - Loading file /home/etu/confd-6.4/etc/confd/ietf-netconf-monitoring.fxs
<DEBUG> 3-Oct-2018::14:12:53.531 centares confd[2622]: - Loading file /home/etu/confd-6.4/etc/confd/tailf-common-monitoring.fxs
<DEBUG> 3-Oct-2018::14:12:53.531 centares confd[2622]: - Loading file /home/etu/confd-6.4/etc/confd/ietf-netconf-acm.fxs
<DEBUG> 3-Oct-2018::14:12:53.532 centares confd[2622]: - Loading file /home/etu/confd-6.4/etc/confd/iana-crypt-hash.fxs
<DEBUG> 3-Oct-2018::14:12:53.532 centares confd[2622]: - Loading file /home/etu/confd-6.4/etc/confd/ietf-yang-library.fxs
<DEBUG> 3-Oct-2018::14:12:53.532 centares confd[2622]: - Loading file /home/etu/confd-6.4/etc/confd/ietf-netconf-notifications.fxs
<DEBUG> 3-Oct-2018::14:12:53.533 centares confd[2622]: - Loading file ./dhcpd.fxs
<DEBUG> 3-Oct-2018::14:12:53.533 centares confd[2622]: - Loading file /home/etu/confd-6.4/etc/confd/tailf-netconf-monitoring.fxs
<DEBUG> 3-Oct-2018::14:12:53.534 centares confd[2622]: - Loading file /home/etu/confd-6.4/etc/confd/tailf-confd-monitoring.fxs
<DEBUG> 3-Oct-2018::14:12:53.535 centares confd[2622]: - Loading file /home/etu/confd-6.4/etc/confd/tailf-acm.fxs
<DEBUG> 3-Oct-2018::14:12:53.536 centares confd[2622]: - Loading file /home/etu/confd-6.4/etc/confd/tailf-rollback.fxs
<DEBUG> 3-Oct-2018::14:12:53.536 centares confd[2622]: - Loading file /home/etu/confd-6.4/etc/confd/tailf-kicker.fxs
<DEBUG> 3-Oct-2018::14:12:53.537 centares confd[2622]: - Loading file /home/etu/confd-6.4/etc/confd/tailf-aaa.fxs
<DEBUG> 3-Oct-2018::14:12:53.543 centares confd[2622]: - Loading file /home/etu/confd-6.4/etc/confd/confd.ccl
<INFO> 3-Oct-2018::14:12:53.606 centares confd[2622]: - Starting to listen for Internal IPC on 127.0.0.1:4565
<INFO> 3-Oct-2018::14:12:53.779 centares confd[2622]: - Starting to listen for NETCONF TCP on 0.0.0.0:2023
<INFO> 3-Oct-2018::14:12:53.811 centares confd[2622]: - Starting to listen for CLI SSH on 0.0.0.0:2024
<INFO> 3-Oct-2018::14:12:53.913 centares confd[2622]: - ConfD started vsn: 6.4
<INFO> 3-Oct-2018::14:13:50.784 centares confd[2622]: - ConfD stopping (confd --stop called by etu in /home/etu/Téléchargements/dhcpd)
<INFO> 3-Oct-2018::14:13:50.793 centares confd[2622]: - Stopping to listen for NETCONF TCP on 0.0.0.0:2023
<INFO> 3-Oct-2018::14:13:50.914 centares confd[2622]: - Daemon logging terminating, reason: shutdown
<INFO> 3-Oct-2018::14:17:58.931 centares confd[2741]: - Writing daemon log to /home/etu/Téléchargements/dhcpd/confd.log
<INFO> 3-Oct-2018::14:17:58.933 centares confd[2741]: - Writing NETCONF log to /home/etu/Téléchargements/dhcpd/netconf.log
<INFO> 3-Oct-2018::14:17:58.933 centares confd[2741]: - Writing audit log to /home/etu/Téléchargements/dhcpd/audit.log
<INFO> 3-Oct-2018::14:17:58.933 centares confd[2741]: - Daemon logging started
<INFO> 3-Oct-2018::14:17:58.933 centares confd[2741]: - Writing developer log to /home/etu/Téléchargements/dhcpd/devel.log
<DEBUG> 3-Oct-2018::14:17:58.943 centares confd[2741]: - Loading file /home/etu/confd-6.4/etc/confd/ietf-netconf-monitoring.fxs
<DEBUG> 3-Oct-2018::14:17:58.944 centares confd[2741]: - Loading file /home/etu/confd-6.4/etc/confd/tailf-common-monitoring.fxs
<DEBUG> 3-Oct-2018::14:17:58.944 centares confd[2741]: - Loading file /home/etu/confd-6.4/etc/confd/ietf-netconf-acm.fxs
<DEBUG> 3-Oct-2018::14:17:58.945 centares confd[2741]: - Loading file /home/etu/confd-6.4/etc/confd/iana-crypt-hash.fxs
<DEBUG> 3-Oct-2018::14:17:58.945 centares confd[2741]: - Loading file /home/etu/confd-6.4/etc/confd/ietf-yang-library.fxs
<DEBUG> 3-Oct-2018::14:17:58.945 centares confd[2741]: - Loading file /home/etu/confd-6.4/etc/confd/ietf-netconf-notifications.fxs
<DEBUG> 3-Oct-2018::14:17:58.946 centares confd[2741]: - Loading file ./dhcpd.fxs
<DEBUG> 3-Oct-2018::14:17:58.946 centares confd[2741]: - Loading file /home/etu/confd-6.4/etc/confd/tailf-netconf-monitoring.fxs
<DEBUG> 3-Oct-2018::14:17:58.947 centares confd[2741]: - Loading file /home/etu/confd-6.4/etc/confd/tailf-confd-monitoring.fxs
<DEBUG> 3-Oct-2018::14:17:58.948 centares confd[2741]: - Loading file /home/etu/confd-6.4/etc/confd/tailf-acm.fxs
<DEBUG> 3-Oct-2018::14:17:58.949 centares confd[2741]: - Loading file /home/etu/confd-6.4/etc/confd/tailf-rollback.fxs
<DEBUG> 3-Oct-2018::14:17:58.949 centares confd[2741]: - Loading file /home/etu/confd-6.4/etc/confd/tailf-kicker.fxs
<DEBUG> 3-Oct-2018::14:17:58.949 centares confd[2741]: - Loading file /home/etu/confd-6.4/etc/confd/tailf-aaa.fxs
<DEBUG> 3-Oct-2018::14:17:58.954 centares confd[2741]: - Loading file /home/etu/confd-6.4/etc/confd/confd.ccl
<INFO> 3-Oct-2018::14:17:59.012 centares confd[2741]: - Starting to listen for Internal IPC on 127.0.0.1:4565
<INFO> 3-Oct-2018::14:17:59.179 centares confd[2741]: - Starting to listen for NETCONF TCP on 0.0.0.0:2023
<INFO> 3-Oct-2018::14:17:59.211 centares confd[2741]: - Starting to listen for CLI SSH on 0.0.0.0:2024
<INFO> 3-Oct-2018::14:17:59.313 centares confd[2741]: - ConfD started vsn: 6.4
